#
# There is insufficient memory for the Java Runtime Environment to continue.
# Native memory allocation (mmap) failed to map 134217728 bytes for G1 virtual space
# Possible reasons:
#   The system is out of physical RAM or swap space
#   The process is running with CompressedOops enabled, and the Java Heap may be blocking the growth of the native heap
# Possible solutions:
#   Reduce memory load on the system
#   Increase physical memory or swap space
#   Check if swap backing store is full
#   Decrease Java heap size (-Xmx/-Xms)
#   Decrease number of Java threads
#   Decrease Java thread stack sizes (-Xss)
#   Set larger code cache with -XX:ReservedCodeCacheSize=
#   JVM is running with Unscaled Compressed Oops mode in which the Java heap is
#     placed in the first 4GB address space. The Java Heap base address is the
#     maximum limit for the native heap growth. Please use -XX:HeapBaseMinAddress
#     to set the Java Heap base and to place the Java Heap above 4GB virtual address.
# This output file may be truncated or incomplete.
#
#  Out of Memory Error (os_windows.cpp:3528), pid=3060, tid=22152
#
# JRE version:  (20.0.2+9) (build )
# Java VM: Java HotSpot(TM) 64-Bit Server VM (20.0.2+9-78, mixed mode, sharing, tiered, compressed oops, compressed class ptrs, g1 gc, windows-amd64)
# No core dump will be written. Minidumps are not enabled by default on client versions of Windows
#

---------------  S U M M A R Y ------------

Command Line: -Dfile.encoding=UTF-8 -XX:+ShowCodeDetailsInExceptionMessages bankmanagement.ATM_Machine

Host: Intel(R) Core(TM) i5-6200U CPU @ 2.30GHz, 4 cores, 7G,  Windows 10 , 64 bit Build 19041 (10.0.19041.3155)
Time: Thu Aug 10 16:19:03 2023 India Standard Time elapsed time: 0.018238 seconds (0d 0h 0m 0s)

---------------  T H R E A D  ---------------

Current thread (0x000001a6b9487c80):  JavaThread "Unknown thread" [_thread_in_vm, id=22152, stack(0x00000059a4100000,0x00000059a4200000)]

Stack: [0x00000059a4100000,0x00000059a4200000]
Native frames: (J=compiled Java code, j=interpreted, Vv=VM code, C=native code)
V  [jvm.dll+0x6bc25a]
V  [jvm.dll+0x84971a]
V  [jvm.dll+0x84b315]
V  [jvm.dll+0x84ba13]
V  [jvm.dll+0x280e4f]
V  [jvm.dll+0x6b8fe9]
V  [jvm.dll+0x6adbca]
V  [jvm.dll+0x35b165]
V  [jvm.dll+0x363386]
V  [jvm.dll+0x3b400e]
V  [jvm.dll+0x3b4295]
V  [jvm.dll+0x32b86a]
V  [jvm.dll+0x32c68b]
V  [jvm.dll+0x8123df]
V  [jvm.dll+0x3c1261]
V  [jvm.dll+0x7fe103]
V  [jvm.dll+0x44ccaf]
V  [jvm.dll+0x44e621]
C  [jli.dll+0x5287]
C  [ucrtbase.dll+0x21bb2]
C  [KERNEL32.DLL+0x17614]
C  [ntdll.dll+0x526b1]


---------------  P R O C E S S  ---------------

Threads class SMR info:
_java_thread_list=0x00007ffaefb9b118, length=0, elements={
}

Java Threads: ( => current thread )

Other Threads:
  0x000001a6b94e9e10 WorkerThread "GC Thread#0" [stack: 0x00000059a4200000,0x00000059a4300000] [id=20164]
  0x000001a6b94fc140 ConcurrentGCThread "G1 Main Marker" [stack: 0x00000059a4300000,0x00000059a4400000] [id=13368]
  0x000001a6b94fd990 WorkerThread "G1 Conc#0" [stack: 0x00000059a4400000,0x00000059a4500000] [id=21096]

[error occurred during error reporting (printing all threads), id 0xc0000005, EXCEPTION_ACCESS_VIOLATION (0xc0000005) at pc=0x00007ffaef37eea7]
VM state: not at safepoint (not fully initialized)

VM Mutex/Monitor currently owned by a thread:  ([mutex/lock_event])
[0x000001a6b9483f50] Heap_lock - owner thread: 0x000001a6b9487c80

Heap address: 0x0000000081a00000, size: 2022 MB, Compressed Oops mode: 32-bit

CDS archive(s) mapped at: [0x0000000000000000-0x0000000000000000-0x0000000000000000), size 0, SharedBaseAddress: 0x0000000800000000, ArchiveRelocationMode: 1.
Narrow klass base: 0x0000000000000000, Narrow klass shift: 0, Narrow klass range: 0x0

GC Precious Log:
 CardTable entry size: 512
 Card Set container configuration: InlinePtr #cards 5 size 8 Array Of Cards #cards 12 size 40 Howl #buckets 4 coarsen threshold 1843 Howl Bitmap #cards 512 size 80 coarsen threshold 460 Card regions per heap region 1 cards per card region 2048

Heap:
 garbage-first heap   total 0K, used 0K [0x0000000081a00000, 0x0000000100000000)
  region size 1024K, 0 young (0K), 0 survivors (0K)

[error occurred during error reporting (printing heap information), id 0xc0000005, EXCEPTION_ACCESS_VIOLATION (0xc0000005) at pc=0x00007ffaef7547b9]
GC Heap History (0 events):
No events

Dll operation events (1 events):
Event: 0.013 Loaded shared library C:\Program Files\Java\jdk-20\bin\java.dll

Deoptimization events (0 events):
No events

Classes loaded (0 events):
No events

Classes unloaded (0 events):
No events

Classes redefined (0 events):
No events

Internal exceptions (0 events):
No events

VM Operations (0 events):
No events

Events (0 events):
No events


Dynamic libraries:
0x00007ff66a330000 - 0x00007ff66a340000 	C:\Program Files\Java\jdk-20\bin\javaw.exe
0x00007ffb43f30000 - 0x00007ffb44128000 	C:\Windows\SYSTEM32\ntdll.dll
0x00007ffb41f90000 - 0x00007ffb4204f000 	C:\Windows\System32\KERNEL32.DLL
0x00007ffb41990000 - 0x00007ffb41c86000 	C:\Windows\System32\KERNELBASE.dll
0x00007ffb41610000 - 0x00007ffb41710000 	C:\Windows\System32\ucrtbase.dll
0x00007ffb0dbc0000 - 0x00007ffb0dbdb000 	C:\Program Files\Java\jdk-20\bin\VCRUNTIME140.dll
0x00007ffb13850000 - 0x00007ffb13869000 	C:\Program Files\Java\jdk-20\bin\jli.dll
0x00007ffb42120000 - 0x00007ffb421cf000 	C:\Windows\System32\ADVAPI32.dll
0x00007ffb43d40000 - 0x00007ffb43dde000 	C:\Windows\System32\msvcrt.dll
0x00007ffb421d0000 - 0x00007ffb4226c000 	C:\Windows\System32\sechost.dll
0x00007ffb425d0000 - 0x00007ffb426f6000 	C:\Windows\System32\RPCRT4.dll
0x00007ffb433f0000 - 0x00007ffb4358d000 	C:\Windows\System32\USER32.dll
0x00007ffb41db0000 - 0x00007ffb41dd2000 	C:\Windows\System32\win32u.dll
0x00007ffb42a60000 - 0x00007ffb42a8c000 	C:\Windows\System32\GDI32.dll
0x00007ffb41710000 - 0x00007ffb41825000 	C:\Windows\System32\gdi32full.dll
0x00007ffb418c0000 - 0x00007ffb4195d000 	C:\Windows\System32\msvcp_win.dll
0x00007ffb2fb70000 - 0x00007ffb2fe0a000 	C:\Windows\WinSxS\amd64_microsoft.windows.common-controls_6595b64144ccf1df_6.0.19041.1110_none_60b5254171f9507e\COMCTL32.dll
0x00007ffb376f0000 - 0x00007ffb376fa000 	C:\Windows\SYSTEM32\VERSION.dll
0x00007ffb42ff0000 - 0x00007ffb43020000 	C:\Windows\System32\IMM32.DLL
0x00007ffb2ed00000 - 0x00007ffb2ed0c000 	C:\Program Files\Java\jdk-20\bin\vcruntime140_1.dll
0x00007ffb00e40000 - 0x00007ffb00ece000 	C:\Program Files\Java\jdk-20\bin\msvcp140.dll
0x00007ffaef040000 - 0x00007ffaefcd8000 	C:\Program Files\Java\jdk-20\bin\server\jvm.dll
0x00007ffb30500000 - 0x00007ffb30527000 	C:\Windows\SYSTEM32\WINMM.dll
0x00007ffb2dcc0000 - 0x00007ffb2dcc9000 	C:\Windows\SYSTEM32\WSOCK32.dll
0x00007ffb43080000 - 0x00007ffb430eb000 	C:\Windows\System32\WS2_32.dll
0x00007ffb3fe50000 - 0x00007ffb3fe62000 	C:\Windows\SYSTEM32\kernel.appcore.dll
0x00007ffb2dca0000 - 0x00007ffb2dcaa000 	C:\Program Files\Java\jdk-20\bin\jimage.dll
0x00007ffb3fc40000 - 0x00007ffb3fe24000 	C:\Windows\SYSTEM32\DBGHELP.DLL
0x00007ffb2e670000 - 0x00007ffb2e6a4000 	C:\Windows\SYSTEM32\dbgcore.DLL
0x00007ffb41830000 - 0x00007ffb418b2000 	C:\Windows\System32\bcryptPrimitives.dll
0x00007ffb0ca60000 - 0x00007ffb0ca86000 	C:\Program Files\Java\jdk-20\bin\java.dll

dbghelp: loaded successfully - version: 4.0.5 - missing functions: none
symbol engine: initialized successfully - sym options: 0x614 - pdb path: .;C:\Program Files\Java\jdk-20\bin;C:\Windows\SYSTEM32;C:\Windows\WinSxS\amd64_microsoft.windows.common-controls_6595b64144ccf1df_6.0.19041.1110_none_60b5254171f9507e;C:\Program Files\Java\jdk-20\bin\server

VM Arguments:
jvm_args: -Dfile.encoding=UTF-8 -XX:+ShowCodeDetailsInExceptionMessages 
java_command: bankmanagement.ATM_Machine
java_class_path (initial): C:\Users\Admin\eclipse-workspace\BankManagement\bin;C:\Users\Admin\Downloads\mysql-connector-j-8.1.0\mysql-connector-j-8.1.0.jar;C:\Users\Admin\Desktop\JCalender\lib\jcalendar-1.4.jar
Launcher Type: SUN_STANDARD

[Global flags]
     intx CICompilerCount                          = 3                                         {product} {ergonomic}
     uint ConcGCThreads                            = 1                                         {product} {ergonomic}
     uint G1ConcRefinementThreads                  = 4                                         {product} {ergonomic}
   size_t G1HeapRegionSize                         = 1048576                                   {product} {ergonomic}
    uintx GCDrainStackTargetSize                   = 64                                        {product} {ergonomic}
   size_t InitialHeapSize                          = 134217728                                 {product} {ergonomic}
   size_t MarkStackSize                            = 4194304                                   {product} {ergonomic}
   size_t MaxHeapSize                              = 2120220672                                {product} {ergonomic}
   size_t MinHeapDeltaBytes                        = 1048576                                   {product} {ergonomic}
   size_t MinHeapSize                              = 8388608                                   {product} {ergonomic}
    uintx NonNMethodCodeHeapSize                   = 5832780                                {pd product} {ergonomic}
    uintx NonProfiledCodeHeapSize                  = 122912730                              {pd product} {ergonomic}
    uintx ProfiledCodeHeapSize                     = 122912730                              {pd product} {ergonomic}
    uintx ReservedCodeCacheSize                    = 251658240                              {pd product} {ergonomic}
     bool SegmentedCodeCache                       = true                                      {product} {ergonomic}
     bool ShowCodeDetailsInExceptionMessages       = true                                   {manageable} {command line}
   size_t SoftMaxHeapSize                          = 2120220672                             {manageable} {ergonomic}
     bool UseCompressedClassPointers               = true                           {product lp64_product} {ergonomic}
     bool UseCompressedOops                        = true                           {product lp64_product} {ergonomic}
     bool UseG1GC                                  = true                                      {product} {ergonomic}
     bool UseLargePagesIndividualAllocation        = false                                  {pd product} {ergonomic}

Logging:
Log output configuration:
 #0: stdout all=warning uptime,level,tags foldmultilines=false
 #1: stderr all=off uptime,level,tags foldmultilines=false

Environment Variables:
JAVA_HOME=C:\Program Files\Java\jdk-20
PATH=C:\Program Files\Common Files\Oracle\Java\javapath;C:\Windows\system32;C:\Windows;C:\Windows\System32\Wbem;C:\Windows\System32\WindowsPowerShell\v1.0\;C:\Windows\System32\OpenSSH\;C:\Program Files\nodejs\;C:\Program Files\Java\jdk-20\bin;C:\Program Files\MySQL\MySQL Server 8.0\bin;C:\Program Files\MySQL\MySQL Shell 8.0\bin\;C:\Users\Admin\AppData\Local\Microsoft\WindowsApps;;C:\Users\Admin\AppData\Local\Programs\Microsoft VS Code\bin;C:\Users\Admin\AppData\Roaming\npm
USERNAME=Admin
OS=Windows_NT
PROCESSOR_IDENTIFIER=Intel64 Family 6 Model 78 Stepping 3, GenuineIntel
TMP=C:\Users\Admin\AppData\Local\Temp
TEMP=C:\Users\Admin\AppData\Local\Temp




---------------  S Y S T E M  ---------------

OS:
 Windows 10 , 64 bit Build 19041 (10.0.19041.3155)
OS uptime: 7 days 4:17 hours

CPU: total 4 (initial active 4) (2 cores per cpu, 2 threads per core) family 6 model 78 stepping 3 microcode 0xcc, cx8, cmov, fxsr, ht, mmx, 3dnowpref, sse, sse2, sse3, ssse3, sse4.1, sse4.2, popcnt, lzcnt, tsc, tscinvbit, avx, avx2, aes, erms, clmul, bmi1, bmi2, adx, fma, vzeroupper, clflush, clflushopt, rdtscp, f16c

Memory: 4k page, system-wide physical 8083M (705M free)
TotalPageFile size 25301M (AvailPageFile size 65M)
current process WorkingSet (physical memory assigned to process): 10M, peak: 10M
current process commit charge ("private bytes"): 52M, peak: 179M

vm_info: Java HotSpot(TM) 64-Bit Server VM (20.0.2+9-78) for windows-amd64 JRE (20.0.2+9-78), built on 2023-06-14T10:08:48Z by "mach5one" with MS VC++ 17.1 (VS2022)

END.
